Female = """
Abby
Abigail
Alexandria
Alice
Alicia
Allison
Alyssa
Andrea
Angelica
Angie
Anna
Annabelle
Anne
Ariel
Audrey
Barbara
Beatrice
Becky
Bernadette
Beth 
Bethany
Betty
Betsy
Beverly
Bonnie
Brianna
Bridget
Brooke
Carly
Carol
Carrie
Catherine
Cathy
Cecilia
Celeste
Charlene
Charlotte
Christine
Christina
Cindy
Connie
Constance
Crystal
Cynthia
Daisy
Danielle
Deanna
Dee Dee
Deirdre
Diana
Diane
Donna
Dora
Dorothy
Dot
Dotty
Edith
Edna
Elaine
Eliza
Elizabeth
Ellen
Emily
Emma
Erica
Erin
Erma
Ernestine
Esmerelda
Esther
Evelyn
Fanny
Fiona
Florence
Fran
Francis
Gabby
Gabriel
Gail
Georgette
Georgina
Gina
Ginger
Gloria
Grace
Gwen
Hannah
Harriet
Heather
Helen
Henrietta
Ida
Isabelle
Jackie
Jane
Janet
Janie
Jacqueline
Jasmine
Jeanette
Jennifer
Jenny
Jessica
Jo
Jody
Josie
Jolene
Josephine
Joyce
Judy
Judith
Julie
Karen
Katie
Kathy
Katherine
Kathleen
Kelly
Kimberly
Laura
Laurie
Leslie
Lila
Linda
Lisa
Lois
Lucille
Lucy
Lydia
Lynn
Mabel
Mavis
Mae
Mandy
Margaret
Marge
Maria
Martha
Martina
Mary
Maxine
Melanie
Melinda
Melissa
Melody
Meredith
Michelle
Millicent
Millie
Mindy
Minnie
Molly
Monica
Nadine
Nancy
Natalie
Nell
Nicole
Norma
Olga
Olive
Olivia
Pam
Pamela
Pat
Patricia
Patty
Paula
Pauline
Phyllis
Polly
Rachel
Rebecca
Regina
Renee
Rita
Rose
Rosie
Ruth
Sabrina
Sally
Samantha
Sandra
Sandy
Sarah
Sharon
Shelby
Sherrie
Sophia
Sophie
Stacey
Stephanie
Sue
Susan
Suzanne
Tabitha
Tammy
Tanya
Teresa
Thelma
Tina
Tracy
Trina
Tricia
Trish
Ursula
Valerie
Vanessa
Veronica
Vicky
Victoria
Viola
Violet
Wanda
Wendy
Yolanda
Yvette
Yvonne
Zelda
Zoe
"""
Male = """
Aaron
Abraham
Adam
Alan
Alec
Alex
Alexander
Amos
Andrew
Anthony
Andy
Arnold
Arthur
Avery
Barry
Bart
Bartholomew
Benjamin
Bernard
Benny
Bill
Bob
Bobby
Brad
Bradley
Brent
Brett
Brian
Bruce
Burt
Byron
Caleb
Calvin
Carl
Chad
Chadwick
Chandler
Charles
Charlie
Chris
Christopher
Chuck
Clark
Cliff
Cole
Colin
Cory
Dale
Daniel
Darrel
Darren
Dave
David
Dennis
Derek
Devin
Dick
Dirk
Donald
Donny
Doug
Douglas
Drake
Drew
Dwain
Dwight
Edgar
Edward
Edwin
Elliot
Eric
Ernest
Ernie
Frank
Franklin
Fred
Frederick
Gary
George
Geoffrey
Glenn
Gordon
Graham
Grant
Greg
Gregory
Harold
Harry
Harvey
Heidi
Henry
Howard
Hunter
Ichabod
Isaac
Ivan
Jack
James
Jason
Jay
Jeff
Jeremy
Jerome
Jim
Jimmy
John
Jonathan
Jordan
Joe
Joel
Joseph
Joshua
Justin
Keith
Kareem
Kenneth
Kevin
Kirk
Kurt
Kyle
Lance
Larry
Lawrence
Lee
Leonard
Lester
Lionel
Llewellyn
Lou
Louis
Lyle
Mark
Mashall
Martin
Marty
Marvin
Matt
Matthew
Maurice
Michael
Nathan
Nathaniel
Ned
Neil
Nicholas
Nick
Nolan
Norbert
Norman
Oliver
Oscar
Oswald
Patrick
Paul
Peter
Phillip
Quincy
Ralph
Randy
Ray
Raymond
Reuben
Richard
Rick
Ricky
Robbie
Robert
Robin
Rodney
Roger
Ron
Ronald
Ronnie
Russell
Rusty
Ryan
Sam
Samuel
Scott
Shawn
Sheldon
Sidney
Simon
Spencer
Stanley
Steve
Steven
Stewart
Taylor
Ted
Theodore
Thomas
Tim
Timothy
Todd
Tom
Tommy
Tony
Travis
Trent
Trevor
Tyler
Ulysses
Victor
Wallace
Wally
Ward
Wayne
Wendall
William
Xavier
Yancy
"""

Last = """
Anderson
Andrews
Ashford
Atwood
Austen
Bacall
Baker
Ball
Barkley
Barnett
Barrett
Barrow
Bates
Baxter
Beamer
Bell
Birch
Bishop
Black
Blackstone
Blank
Brach
Brennan
Brenner
Brewer
Brightman
Brooks
Brown
Burns
Burnett
Butler
Byrd
Cane
Capes
Carpenter
Carroll
Carter
Cartwright
Cedar
Clark
Clay
Claymont
Clements
Cline
Coleman
Collins
Conley
Connelly
Connery
Conway
Crawford
Crowe
Daniels
Davenport
Davis
Dickens
Dickinson
Donaldson
Donovan
Draper
Drysdale
East
Elm
Fields
Fisher
Fletcher
Forrester
Foster
Francis
Franklin
Frederickson
Freeman
Gaines
Gates
Gatlin
George
Gordon
Gorman
Grant
Gray
Green
Griggs
Jackson
Jameson
Jennings
Jensen
Johnson
Jones
Jordan
Hampton
Harding
Harmon
Harper
Harris
Harrison
Hart
Higgins
Hodges
Holland
Hollinsworth
Holloway
Hopper
Howard
Kennedy
King
Kingsley
Kingston
Kirkpatrick
Lake
Lancaster
Lane
Lansford
Lee
Lewis
Lightfoot
Little
Long
Maltin
Mandrell
Maple
Marsh
Marshall
Martin
Martinelli
Masterson
May
McCoy
McGregor
Michaels
Miguez
Miller
Mills
Milne
Montgomery
Moore
Morris
Morrow
Nash
Nelson
Niles
Norman
North
Oak
Olsen
Parker
Parks
Pearl
Pearson
Perry
Peters
Peterson
Pine
Porter
Powell
Prescott
Presley
Preston
Price
Principal
Redford
Reeve
Reynolds
Richards
Richardson
Rivers
Roberts
Robins
Robinson
Rogers
Romano
Romero
Russell
Ryan
Sands
Sanders
Schmidt
Sheppard
Sherwood
Simon
Simpson
Smith
South
Spade
Spader
Sparks
Stanley
Steele
Stein
Steinberg
Stevens
Stewart
Stone
Summers
Swanson
Taylor
Tell
Teller
Thatcher
Thompson
Trent
Tyler
Vaughn
Verne
Wagner
Walsh
Ward
Warner
Washington
Watkins
Watson
Webber
Wells
Welsh
Wendall
West
Westmore
White
Williams
Wilson
Winston
Winters
Woodall
Woods
Worth
Wright
Wynne
Yates
Zane
"""