Abby
Abigail
Alexandria
Alice
Alicia
Allison
Alyssa
Andrea
Angelica
Angie
Anna
Annabelle
Anne
Ariel
Audrey
Barbara
Beatrice
Becky
Bernadette
Beth 
Bethany
Betty
Betsy
Beverly
Bonnie
Brianna
Bridget
Brooke
Carly
Carol
Carrie
Catherine
Cathy
Cecilia
Celeste
Charlene
Charlotte
Christine
Christina
Cindy
Connie
Constance
Crystal
Cynthia
Daisy
Danielle
Deanna
Dee Dee
Deirdre
Diana
Diane
Donna
Dora
Dorothy
Dot
Dotty
Edith
Edna
Elaine
Eliza
Elizabeth
Ellen
Emily
Emma
Erica
Erin
Erma
Ernestine
Esmerelda
Esther
Evelyn
Fanny
Fiona
Florence
Fran
Francis
Gabby
Gabriel
Gail
Georgette
Georgina
Gina
Ginger
Gloria
Grace
Gwen
Hannah
Harriet
Heather
Helen
Henrietta
Ida
Isabelle
Jackie
Jane
Janet
Janie
Jacqueline
Jasmine
Jeanette
Jennifer
Jenny
Jessica
Jo
Jody
Josie
Jolene
Josephine
Joyce
Judy
Judith
Julie
Karen
Katie
Kathy
Katherine
Kathleen
Kelly
Kimberly
Laura
Laurie
Leslie
Lila
Linda
Lisa
Lois
Lucille
Lucy
Lydia
Lynn
Mabel
Mavis
Mae
Mandy
Margaret
Marge
Maria
Martha
Martina
Mary
Maxine
Melanie
Melinda
Melissa
Melody
Meredith
Michelle
Millicent
Millie
Mindy
Minnie
Molly
Monica
Nadine
Nancy
Natalie
Nell
Nicole
Norma
Olga
Olive
Olivia
Pam
Pamela
Pat
Patricia
Patty
Paula
Pauline
Phyllis
Polly
Rachel
Rebecca
Regina
Renee
Rita
Rose
Rosie
Ruth
Sabrina
Sally
Samantha
Sandra
Sandy
Sarah
Sharon
Shelby
Sherrie
Sophia
Sophie
Stacey
Stephanie
Sue
Susan
Suzanne
Tabitha
Tammy
Tanya
Teresa
Thelma
Tina
Tracy
Trina
Tricia
Trish
Ursula
Valerie
Vanessa
Veronica
Vicky
Victoria
Viola
Violet
Wanda
Wendy
Yolanda
Yvette
Yvonne
Zelda
Zoe