Anderson
Andrews
Ashford
Atwood
Austen
Bacall
Baker
Ball
Barkley
Barnett
Barrett
Barrow
Bates
Baxter
Beamer
Bell
Birch
Bishop
Black
Blackstone
Blank
Brach
Brennan
Brenner
Brewer
Brightman
Brooks
Brown
Burns
Burnett
Butler
Byrd
Cane
Capes
Carpenter
Carroll
Carter
Cartwright
Cedar
Clark
Clay
Claymont
Clements
Cline
Coleman
Collins
Conley
Connelly
Connery
Conway
Crawford
Crowe
Daniels
Davenport
Davis
Dickens
Dickinson
Donaldson
Donovan
Draper
Drysdale
East
Elm
Fields
Fisher
Fletcher
Forrester
Foster
Francis
Franklin
Frederickson
Freeman
Gaines
Gates
Gatlin
George
Gordon
Gorman
Grant
Gray
Green
Griggs
Jackson
Jameson
Jennings
Jensen
Johnson
Jones
Jordan
Hampton
Harding
Harmon
Harper
Harris
Harrison
Hart
Higgins
Hodges
Holland
Hollinsworth
Holloway
Hopper
Howard
Kennedy
King
Kingsley
Kingston
Kirkpatrick
Lake
Lancaster
Lane
Lansford
Lee
Lewis
Lightfoot
Little
Long
Maltin
Mandrell
Maple
Marsh
Marshall
Martin
Martinelli
Masterson
May
McCoy
McGregor
Michaels
Miguez
Miller
Mills
Milne
Montgomery
Moore
Morris
Morrow
Nash
Nelson
Niles
Norman
North
Oak
Olsen
Parker
Parks
Pearl
Pearson
Perry
Peters
Peterson
Pine
Porter
Powell
Prescott
Presley
Preston
Price
Principal
Redford
Reeve
Reynolds
Richards
Richardson
Rivers
Roberts
Robins
Robinson
Rogers
Romano
Romero
Russell
Ryan
Sands
Sanders
Schmidt
Sheppard
Sherwood
Simon
Simpson
Smith
South
Spade
Spader
Sparks
Stanley
Steele
Stein
Steinberg
Stevens
Stewart
Stone
Summers
Swanson
Taylor
Tell
Teller
Thatcher
Thompson
Trent
Tyler
Vaughn
Verne
Wagner
Walsh
Ward
Warner
Washington
Watkins
Watson
Webber
Wells
Welsh
Wendall
West
Westmore
White
Williams
Wilson
Winston
Winters
Woodall
Woods
Worth
Wright
Wynne
Yates
Zane